0 info it worked if it ends with ok
1 verbose cli [ '/usr/bin/nodejs', '/usr/bin/npm', 'update' ]
2 info using npm@1.3.10
3 info using node@v0.10.25
4 info outdated updating undefined
5 error Error: Invalid name: "FreakServ Atom"
5 error     at ensureValidName (/usr/lib/nodejs/normalize-package-data/lib/fixer.js:284:15)
5 error     at Object.module.exports.fixNameField (/usr/lib/nodejs/normalize-package-data/lib/fixer.js:199:5)
5 error     at /usr/lib/nodejs/normalize-package-data/lib/normalize.js:29:38
5 error     at Array.forEach (native)
5 error     at normalize (/usr/lib/nodejs/normalize-package-data/lib/normalize.js:28:15)
5 error     at final (/usr/lib/nodejs/read-package-json/read-json.js:310:33)
5 error     at then (/usr/lib/nodejs/read-package-json/read-json.js:124:33)
5 error     at /usr/lib/nodejs/read-package-json/read-json.js:284:48
5 error     at fs.js:207:20
5 error     at OpenReq.Req.done (/usr/lib/nodejs/graceful-fs/graceful-fs.js:135:5)
6 error If you need help, you may report this log at:
6 error     <http://github.com/isaacs/npm/issues>
6 error or email it to:
6 error     <npm-@googlegroups.com>
7 error System Linux 3.13.0-36-generic
8 error command "/usr/bin/nodejs" "/usr/bin/npm" "update"
9 error cwd /root/git/cdn/atom
10 error node -v v0.10.25
11 error npm -v 1.3.10
12 verbose exit [ 1, true ]
